#
# A fatal error has been detected by the Java Runtime Environment:
#
#  Internal Error (safepoint.cpp:687), pid=16636, tid=0x00000000000012e0
#  fatal error: Deadlock in safepoint code.  Should have called back to the VM before blocking.
#
# JRE version: Java(TM) SE Runtime Environment (8.0_202-b08) (build 1.8.0_202-b08)
# Java VM: Java HotSpot(TM) 64-Bit Server VM (25.202-b08 mixed mode windows-amd64 compressed oops)
# Failed to write core dump. Minidumps are not enabled by default on client versions of Windows
#
# If you would like to submit a bug report, please visit:
#   http://bugreport.java.com/bugreport/crash.jsp
#

---------------  T H R E A D  ---------------

Current thread (0x000000001fc80800):  JavaThread "JavaFX Application Thread" [_thread_in_native_trans, id=4832, stack(0x0000000021a50000,0x0000000021b50000)]

Stack: [0x0000000021a50000,0x0000000021b50000]
[error occurred during error reporting (printing stack bounds), id 0xc0000005]

Native frames: (J=compiled Java code, j=interpreted, Vv=VM code, C=native code)

Java frames: (J=compiled Java code, j=interpreted, Vv=VM code)
j  com.sun.glass.ui.win.WinApplication._enterNestedEventLoopImpl()Ljava/lang/Object;+0
j  com.sun.glass.ui.win.WinApplication._enterNestedEventLoop()Ljava/lang/Object;+15
j  com.sun.glass.ui.Application.enterNestedEventLoop()Ljava/lang/Object;+14
j  com.sun.glass.ui.EventLoop.enter()Ljava/lang/Object;+42
j  com.sun.javafx.tk.quantum.QuantumToolkit.enterNestedEventLoop(Ljava/lang/Object;)Ljava/lang/Object;+107
j  javafx.stage.Stage.showAndWait()V+93
j  tic_tac_toe.view.landing.LandingScreenController.showAuthPopup(Ljavafx/event/Event;)V+105
j  tic_tac_toe.view.landing.LandingScreenController.lambda$showIPPopUp$0(Ljavafx/event/ActionEvent;Ljavafx/stage/WindowEvent;)V+10
j  tic_tac_toe.view.landing.LandingScreenController$$Lambda$230.handle(Ljavafx/event/Event;)V+12
j  tic_tac_toe.view.landing.LandingScreenController.showIPPopUp(Ljavafx/event/ActionEvent;)V+155
j  tic_tac_toe.view.landing.LandingScreenController.SignUpClicked(Ljavafx/event/ActionEvent;)V+16
v  ~StubRoutines::call_stub
j  sun.reflect.NativeMethodAccessorImpl.invoke0(Ljava/lang/reflect/Method;Ljava/lang/Object;[Ljava/lang/Object;)Ljava/lang/Object;+0
j  sun.reflect.NativeMethodAccessorImpl.invoke(Ljava/lang/Object;[Ljava/lang/Object;)Ljava/lang/Object;+100
j  sun.reflect.DelegatingMethodAccessorImpl.invoke(Ljava/lang/Object;[Ljava/lang/Object;)Ljava/lang/Object;+6
j  java.lang.reflect.Method.invoke(Ljava/lang/Object;[Ljava/lang/Object;)Ljava/lang/Object;+56
j  sun.reflect.misc.Trampoline.invoke(Ljava/lang/reflect/Method;Ljava/lang/Object;[Ljava/lang/Object;)Ljava/lang/Object;+7
j  sun.reflect.GeneratedMethodAccessor1.invoke(Ljava/lang/Object;[Ljava/lang/Object;)Ljava/lang/Object;+40
j  sun.reflect.DelegatingMethodAccessorImpl.invoke(Ljava/lang/Object;[Ljava/lang/Object;)Ljava/lang/Object;+6
j  java.lang.reflect.Method.invoke(Ljava/lang/Object;[Ljava/lang/Object;)Ljava/lang/Object;+56
j  sun.reflect.misc.MethodUtil.invoke(Ljava/lang/reflect/Method;Ljava/lang/Object;[Ljava/lang/Object;)Ljava/lang/Object;+20
j  javafx.fxml.FXMLLoader$MethodHandler.invoke([Ljava/lang/Object;)V+19
j  javafx.fxml.FXMLLoader$ControllerMethodEventHandler.handle(Ljavafx/event/Event;)V+12
j  com.sun.javafx.event.CompositeEventHandler.dispatchBubblingEvent(Ljavafx/event/Event;)V+51
J 1340 C1 com.sun.javafx.event.EventHandlerManager.dispatchBubblingEvent(Ljavafx/event/Event;)Ljavafx/event/Event; (23 bytes) @ 0x00000000038e57a4 [0x00000000038e5120+0x684]
J 1342 C1 com.sun.javafx.event.CompositeEventDispatcher.dispatchBubblingEvent(Ljavafx/event/Event;)Ljavafx/event/Event; (35 bytes) @ 0x00000000038e63dc [0x00000000038e6220+0x1bc]
J 1222 C1 com.sun.javafx.event.BasicEventDispatcher.dispatchEvent(Ljavafx/event/Event;Ljavafx/event/EventDispatchChain;)Ljavafx/event/Event; (44 bytes) @ 0x00000000038c16fc [0x00000000038c13c0+0x33c]
J 1183 C1 com.sun.javafx.event.EventDispatchChainImpl.dispatchEvent(Ljavafx/event/Event;)Ljavafx/event/Event; (101 bytes) @ 0x00000000038b16fc [0x00000000038b1540+0x1bc]
J 1222 C1 com.sun.javafx.event.BasicEventDispatcher.dispatchEvent(Ljavafx/event/Event;Ljavafx/event/EventDispatchChain;)Ljavafx/event/Event; (44 bytes) @ 0x00000000038c1614 [0x00000000038c13c0+0x254]
J 1183 C1 com.sun.javafx.event.EventDispatchChainImpl.dispatchEvent(Ljavafx/event/Event;)Ljavafx/event/Event; (101 bytes) @ 0x00000000038b16fc [0x00000000038b1540+0x1bc]
J 1222 C1 com.sun.javafx.event.BasicEventDispatcher.dispatchEvent(Ljavafx/event/Event;Ljavafx/event/EventDispatchChain;)Ljavafx/event/Event; (44 bytes) @ 0x00000000038c1614 [0x00000000038c13c0+0x254]
J 1183 C1 com.sun.javafx.event.EventDispatchChainImpl.dispatchEvent(Ljavafx/event/Event;)Ljavafx/event/Event; (101 bytes) @ 0x00000000038b16fc [0x00000000038b1540+0x1bc]
J 1410 C1 com.sun.javafx.event.EventUtil.fireEvent(Ljavafx/event/EventTarget;Ljavafx/event/Event;)Ljavafx/event/Event; (81 bytes) @ 0x000000000390b0dc [0x000000000390a4e0+0xbfc]
J 1409 C1 javafx.event.Event.fireEvent(Ljavafx/event/EventTarget;Ljavafx/event/Event;)V (35 bytes) @ 0x0000000003909eac [0x0000000003909de0+0xcc]
j  javafx.scene.Node.fireEvent(Ljavafx/event/Event;)V+86
j  javafx.scene.control.Button.fire()V+15
j  com.sun.javafx.scene.control.behavior.ButtonBehavior.mouseReleased(Ljavafx/scene/input/MouseEvent;)V+23
j  com.sun.javafx.scene.control.skin.BehaviorSkinBase$1.handle(Ljavafx/scene/input/MouseEvent;)V+83
j  com.sun.javafx.scene.control.skin.BehaviorSkinBase$1.handle(Ljavafx/event/Event;)V+5
j  com.sun.javafx.event.CompositeEventHandler$NormalEventHandlerRecord.handleBubblingEvent(Ljavafx/event/Event;)V+5
j  com.sun.javafx.event.CompositeEventHandler.dispatchBubblingEvent(Ljavafx/event/Event;)V+28
J 1340 C1 com.sun.javafx.event.EventHandlerManager.dispatchBubblingEvent(Ljavafx/event/Event;)Ljavafx/event/Event; (23 bytes) @ 0x00000000038e57a4 [0x00000000038e5120+0x684]
J 1342 C1 com.sun.javafx.event.CompositeEventDispatcher.dispatchBubblingEvent(Ljavafx/event/Event;)Ljavafx/event/Event; (35 bytes) @ 0x00000000038e63dc [0x00000000038e6220+0x1bc]
J 1222 C1 com.sun.javafx.event.BasicEventDispatcher.dispatchEvent(Ljavafx/event/Event;Ljavafx/event/EventDispatchChain;)Ljavafx/event/Event; (44 bytes) @ 0x00000000038c16fc [0x00000000038c13c0+0x33c]
J 1183 C1 com.sun.javafx.event.EventDispatchChainImpl.dispatchEvent(Ljavafx/event/Event;)Ljavafx/event/Event; (101 bytes) @ 0x00000000038b16fc [0x00000000038b1540+0x1bc]
J 1222 C1 com.sun.javafx.event.BasicEventDispatcher.dispatchEvent(Ljavafx/event/Event;Ljavafx/event/EventDispatchChain;)Ljavafx/event/Event; (44 bytes) @ 0x00000000038c1614 [0x00000000038c13c0+0x254]
J 1183 C1 com.sun.javafx.event.EventDispatchChainImpl.dispatchEvent(Ljavafx/event/Event;)Ljavafx/event/Event; (101 bytes) @ 0x00000000038b16fc [0x00000000038b1540+0x1bc]
J 1222 C1 com.sun.javafx.event.BasicEventDispatcher.dispatchEvent(Ljavafx/event/Event;Ljavafx/event/EventDispatchChain;)Ljavafx/event/Event; (44 bytes) @ 0x00000000038c1614 [0x00000000038c13c0+0x254]
J 1183 C1 com.sun.javafx.event.EventDispatchChainImpl.dispatchEvent(Ljavafx/event/Event;)Ljavafx/event/Event; (101 bytes) @ 0x00000000038b16fc [0x00000000038b1540+0x1bc]
J 1410 C1 com.sun.javafx.event.EventUtil.fireEvent(Ljavafx/event/EventTarget;Ljavafx/event/Event;)Ljavafx/event/Event; (81 bytes) @ 0x000000000390ac24 [0x000000000390a4e0+0x744]
J 1445 C1 javafx.scene.Scene$MouseHandler.process(Ljavafx/scene/input/MouseEvent;Z)V (735 bytes) @ 0x000000000392cc3c [0x000000000392a180+0x2abc]
J 1444 C1 javafx.scene.Scene$MouseHandler.access$1500(Ljavafx/scene/Scene$MouseHandler;Ljavafx/scene/input/MouseEvent;Z)V (7 bytes) @ 0x000000000392561c [0x00000000039255c0+0x5c]
j  javafx.scene.Scene.impl_processMouseEvent(Ljavafx/scene/input/MouseEvent;)V+6
j  javafx.scene.Scene$ScenePeerListener.mouseEvent(Ljavafx/event/EventType;DDDDLjavafx/scene/input/MouseButton;ZZZZZZZZZ)V+46
j  com.sun.javafx.tk.quantum.GlassViewEventHandler$MouseEventNotification.run()Ljava/lang/Void;+571
j  com.sun.javafx.tk.quantum.GlassViewEventHandler$MouseEventNotification.run()Ljava/lang/Object;+1
v  ~StubRoutines::call_stub
J 1223  java.security.AccessController.doPrivileged(Ljava/security/PrivilegedAction;Ljava/security/AccessControlContext;)Ljava/lang/Object; (0 bytes) @ 0x00000000038c1ca6 [0x00000000038c1c40+0x66]
j  com.sun.javafx.tk.quantum.GlassViewEventHandler.lambda$handleMouseEvent$358()Ljava/lang/Void;+11
j  com.sun.javafx.tk.quantum.GlassViewEventHandler$$Lambda$183.get()Ljava/lang/Object;+4
J 1252 C1 com.sun.javafx.tk.quantum.QuantumToolkit.runWithoutRenderLock(Ljava/util/function/Supplier;)Ljava/lang/Object; (49 bytes) @ 0x00000000038c87e4 [0x00000000038c82a0+0x544]
j  com.sun.javafx.tk.quantum.GlassViewEventHandler.handleMouseEvent(Lcom/sun/glass/ui/View;JIIIIIIIZZ)V+103
J 1459 C1 com.sun.glass.ui.View.notifyMouse(IIIIIIIZZ)V (221 bytes) @ 0x00000000039366dc [0x00000000039355e0+0x10fc]
v  ~StubRoutines::call_stub
j  com.sun.glass.ui.win.WinApplication._runLoop(Ljava/lang/Runnable;)V+0
j  com.sun.glass.ui.win.WinApplication.lambda$null$152(ILjava/lang/Runnable;)V+8
j  com.sun.glass.ui.win.WinApplication$$Lambda$37.run()V+12
j  java.lang.Thread.run()V+11
v  ~StubRoutines::call_stub

---------------  P R O C E S S  ---------------

Java Threads: ( => current thread )
  0x0000000020254800 JavaThread "Thread-30" [_thread_in_native, id=2236, stack(0x00000000206e0000,0x00000000207e0000)]
  0x0000000020254000 JavaThread "Timer-0" daemon [_thread_blocked, id=14028, stack(0x000000002d840000,0x000000002d940000)]
  0x000000001febd000 JavaThread "Media Resource Disposer" daemon [_thread_blocked, id=9768, stack(0x000000002d740000,0x000000002d840000)]
  0x00000000202c3000 JavaThread "Prism Font Disposer" daemon [_thread_blocked, id=5620, stack(0x000000002c970000,0x000000002ca70000)]
  0x000000001fce2000 JavaThread "Thread-3" daemon [_thread_blocked, id=3604, stack(0x0000000028220000,0x0000000028320000)]
  0x000000001fc9c000 JavaThread "JavaFX-Launcher" [_thread_blocked, id=5132, stack(0x0000000028320000,0x0000000028420000)]
=>0x000000001fc80800 JavaThread "JavaFX Application Thread" [_thread_in_native_trans, id=4832, stack(0x0000000021a50000,0x0000000021b50000)]
  0x000000001fc15800 JavaThread "Thread-1" daemon [_thread_blocked, id=18620, stack(0x0000000021950000,0x0000000021a50000)]
  0x000000001fbee000 JavaThread "QuantumRenderer-0" daemon [_thread_blocked, id=12188, stack(0x00000000205b0000,0x00000000206b0000)]
  0x000000001ed4a000 JavaThread "Service Thread" daemon [_thread_blocked, id=6688, stack(0x000000001f980000,0x000000001fa80000)]
  0x000000001ecc5800 JavaThread "C1 CompilerThread3" daemon [_thread_blocked, id=5148, stack(0x000000001f880000,0x000000001f980000)]
  0x000000001ecc1800 JavaThread "C2 CompilerThread2" daemon [_thread_blocked, id=14812, stack(0x000000001f780000,0x000000001f880000)]
  0x000000001ecba000 JavaThread "C2 CompilerThread1" daemon [_thread_blocked, id=6848, stack(0x000000001f680000,0x000000001f780000)]
  0x000000001ecb1800 JavaThread "C2 CompilerThread0" daemon [_thread_blocked, id=13920, stack(0x000000001f580000,0x000000001f680000)]
  0x000000001ecb0800 JavaThread "Attach Listener" daemon [_thread_blocked, id=6788, stack(0x000000001f480000,0x000000001f580000)]
  0x000000001cebe800 JavaThread "Signal Dispatcher" daemon [_thread_blocked, id=4652, stack(0x000000001f380000,0x000000001f480000)]
  0x000000001eca1000 JavaThread "Finalizer" daemon [_thread_blocked, id=9332, stack(0x000000001f180000,0x000000001f280000)]
  0x000000001cead800 JavaThread "Reference Handler" daemon [_thread_blocked, id=18216, stack(0x000000001f080000,0x000000001f180000)]
  0x000000000311e000 JavaThread "main" [_thread_blocked, id=18000, stack(0x00000000032a0000,0x00000000033a0000)]

Other Threads:
  0x000000001cea9000 VMThread [stack: 0x000000001eb80000,0x000000001ec80000] [id=14080]
  0x000000001ed18000 WatcherThread [stack: 0x000000001fa80000,0x000000001fb80000] [id=14656]

VM state:synchronizing (normal execution)

VM Mutex/Monitor currently owned by a thread:  ([mutex/lock_event])
[0x000000000311d400] Threads_lock - owner thread: 0x000000001cea9000

heap address: 0x00000006c1e00000, size: 4066 MB, Compressed Oops mode: Zero based, Oop shift amount: 3
Narrow klass base: 0x0000000000000000, Narrow klass shift: 3
Compressed class space size: 1073741824 Address: 0x00000007c0000000

Heap:
 PSYoungGen      total 76288K, used 23999K [0x000000076b500000, 0x0000000770a00000, 0x00000007c0000000)
  eden space 65536K, 27% used [0x000000076b500000,0x000000076c6d16f0,0x000000076f500000)
  from space 10752K, 53% used [0x000000076f500000,0x000000076fa9e560,0x000000076ff80000)
  to   space 10752K, 0% used [0x000000076ff80000,0x000000076ff80000,0x0000000770a00000)
 ParOldGen       total 175104K, used 80K [0x00000006c1e00000, 0x00000006cc900000, 0x000000076b500000)
  object space 175104K, 0% used [0x00000006c1e00000,0x00000006c1e14010,0x00000006cc900000)
 Metaspace       used 17974K, capacity 18812K, committed 18944K, reserved 1064960K
  class space    used 2560K, capacity 2751K, committed 2816K, reserved 1048576K

Card table byte_map: [0x0000000012860000,0x0000000013060000] byte_map_base: 0x000000000f251000

Marking Bits: (ParMarkBitMap*) 0x0000000051da5ce0
 Begin Bits: [0x0000000013db0000, 0x0000000017d38000)
 End Bits:   [0x0000000017d38000, 0x000000001bcc0000)

Polling page: 0x0000000001470000

CodeCache: size=245760Kb used=6803Kb max_used=6803Kb free=238956Kb
 bounds [0x00000000034a0000, 0x0000000003b50000, 0x00000000124a0000]
 total_blobs=2890 nmethods=2228 adapters=574
 compilation: enabled

Compilation events (10 events):
Event: 37.786 Thread 0x000000001ecc5800 2226       1       com.sun.javafx.geom.Point2D::setLocation (11 bytes)
Event: 37.786 Thread 0x000000001ecc5800 nmethod 2226 0x0000000003b456d0 code [0x0000000003b45820, 0x0000000003b45930]
Event: 37.786 Thread 0x000000001ecc5800 2225       3       com.sun.prism.PixelFormat::getBytesPerPixelUnit (13 bytes)
Event: 37.786 Thread 0x000000001ecc5800 nmethod 2225 0x0000000003b45990 code [0x0000000003b45ae0, 0x0000000003b45cd0]
Event: 37.786 Thread 0x000000001ecc5800 2224       3       com.sun.javafx.sg.prism.NGRegion::renderAsRectangle (31 bytes)
Event: 37.787 Thread 0x000000001ecc5800 nmethod 2224 0x0000000003b45d90 code [0x0000000003b45f60, 0x0000000003b467d8]
Event: 37.787 Thread 0x000000001ecc5800 2227       3       com.sun.prism.impl.BaseGraphics::isAlphaTestShader (26 bytes)
Event: 37.787 Thread 0x000000001ecc5800 nmethod 2227 0x0000000003b46a90 code [0x0000000003b46c00, 0x0000000003b46f30]
Event: 37.787 Thread 0x000000001ecc5800 2228       3       com.sun.prism.d3d.D3DGraphics::create (55 bytes)
Event: 37.788 Thread 0x000000001ecc5800 nmethod 2228 0x0000000003b46fd0 code [0x0000000003b47180, 0x0000000003b47718]

GC Heap History (2 events):
Event: 1.791 GC heap before
{Heap before GC invocations=1 (full 0):
 PSYoungGen      total 76288K, used 65536K [0x000000076b500000, 0x0000000770a00000, 0x00000007c0000000)
  eden space 65536K, 100% used [0x000000076b500000,0x000000076f500000,0x000000076f500000)
  from space 10752K, 0% used [0x000000076ff80000,0x000000076ff80000,0x0000000770a00000)
  to   space 10752K, 0% used [0x000000076f500000,0x000000076f500000,0x000000076ff80000)
 ParOldGen       total 175104K, used 0K [0x00000006c1e00000, 0x00000006cc900000, 0x000000076b500000)
  object space 175104K, 0% used [0x00000006c1e00000,0x00000006c1e00000,0x00000006cc900000)
 Metaspace       used 14910K, capacity 15478K, committed 15616K, reserved 1062912K
  class space    used 2083K, capacity 2235K, committed 2304K, reserved 1048576K
Event: 1.806 GC heap after
Heap after GC invocations=1 (full 0):
 PSYoungGen      total 76288K, used 5753K [0x000000076b500000, 0x0000000770a00000, 0x00000007c0000000)
  eden space 65536K, 0% used [0x000000076b500000,0x000000076b500000,0x000000076f500000)
  from space 10752K, 53% used [0x000000076f500000,0x000000076fa9e560,0x000000076ff80000)
  to   space 10752K, 0% used [0x000000076ff80000,0x000000076ff80000,0x0000000770a00000)
 ParOldGen       total 175104K, used 80K [0x00000006c1e00000, 0x00000006cc900000, 0x000000076b500000)
  object space 175104K, 0% used [0x00000006c1e00000,0x00000006c1e14010,0x00000006cc900000)
 Metaspace       used 14910K, capacity 15478K, committed 15616K, reserved 1062912K
  class space    used 2083K, capacity 2235K, committed 2304K, reserved 1048576K
}

Deoptimization events (10 events):
Event: 27.536 Thread 0x000000001fc80800 Uncommon trap: reason=unstable_if action=reinterpret pc=0x000000000377d334 method=java.util.HashMap.hash(Ljava/lang/Object;)I @ 1
Event: 27.536 Thread 0x000000001fc80800 Uncommon trap: reason=unstable_if action=reinterpret pc=0x00000000037e9ab0 method=java.util.HashMap.hash(Ljava/lang/Object;)I @ 1
Event: 27.536 Thread 0x000000001fc80800 Uncommon trap: reason=unstable_if action=reinterpret pc=0x00000000037d1528 method=java.util.HashMap.hash(Ljava/lang/Object;)I @ 1
Event: 27.543 Thread 0x000000001fc80800 Uncommon trap: reason=unstable_if action=reinterpret pc=0x00000000039532ec method=java.lang.ClassLoader.checkName(Ljava/lang/String;)Z @ 20
Event: 29.913 Thread 0x000000001fc80800 Uncommon trap: reason=unstable_if action=reinterpret pc=0x00000000036856c0 method=java.lang.CharacterData.of(I)Ljava/lang/CharacterData; @ 4
Event: 37.723 Thread 0x000000001fc80800 Uncommon trap: reason=predicate action=maybe_recompile pc=0x0000000003992538 method=sun.net.www.ParseUtil.encodePath(Ljava/lang/String;Z)Ljava/lang/String; @ 36
Event: 37.742 Thread 0x000000001fc80800 Uncommon trap: reason=class_check action=maybe_recompile pc=0x000000000381a6f0 method=java.io.FilterInputStream.read()I @ 4
Event: 37.742 Thread 0x000000001fc80800 Uncommon trap: reason=class_check action=maybe_recompile pc=0x000000000381a6f0 method=java.io.FilterInputStream.read()I @ 4
Event: 37.742 Thread 0x000000001fc80800 Uncommon trap: reason=class_check action=maybe_recompile pc=0x000000000381a6f0 method=java.io.FilterInputStream.read()I @ 4
Event: 37.742 Thread 0x000000001fc80800 Uncommon trap: reason=class_check action=maybe_recompile pc=0x000000000381a6f0 method=java.io.FilterInputStream.read()I @ 4

Classes redefined (0 events):
No events

Internal exceptions (10 events):
Event: 0.982 Thread 0x000000001fc80800 Exception <a 'java/lang/ArrayIndexOutOfBoundsException': 18> (0x000000076c7e5fe8) thrown at [C:\re\workspace\8-2-build-windows-amd64-cygwin\jdk8u202\12323\hotspot\src\share\vm\interpreter\interpreterRuntime.cpp, line 368]
Event: 0.982 Thread 0x000000001fc80800 Exception <a 'java/lang/ArrayIndexOutOfBoundsException': 86> (0x000000076c7e7390) thrown at [C:\re\workspace\8-2-build-windows-amd64-cygwin\jdk8u202\12323\hotspot\src\share\vm\interpreter\interpreterRuntime.cpp, line 368]
Event: 1.058 Thread 0x000000001fc80800 Exception <a 'java/lang/ArrayIndexOutOfBoundsException'> (0x000000076cb95878) thrown at [C:\re\workspace\8-2-build-windows-amd64-cygwin\jdk8u202\12323\hotspot\src\share\vm\runtime\sharedRuntime.cpp, line 605]
Event: 27.536 Thread 0x000000001fc80800 Implicit null exception at 0x000000000377d0f5 to 0x000000000377d325
Event: 27.536 Thread 0x000000001fc80800 Implicit null exception at 0x00000000037e9a18 to 0x00000000037e9aa6
Event: 27.536 Thread 0x000000001fc80800 Implicit null exception at 0x00000000037d14af to 0x00000000037d1519
Event: 37.773 Thread 0x000000001fc80800 Implicit null exception at 0x0000000003abe502 to 0x0000000003ac3f93
Event: 37.773 Thread 0x000000001fc80800 Exception <a 'java/lang/NullPointerException'> (0x000000076c4d9358) thrown at [C:\re\workspace\8-2-build-windows-amd64-cygwin\jdk8u202\12323\hotspot\src\share\vm\runtime\sharedRuntime.cpp, line 605]
Event: 37.779 Thread 0x000000001fc80800 Implicit null exception at 0x0000000003a5f4eb to 0x0000000003a5f90b
Event: 37.779 Thread 0x000000001fc80800 Exception <a 'java/lang/NullPointerException'> (0x000000076c4df348) thrown at [C:\re\workspace\8-2-build-windows-amd64-cygwin\jdk8u202\12323\hotspot\src\share\vm\runtime\sharedRuntime.cpp, line 605]

Events (10 events):
Event: 37.745 Thread 0x000000001fc80800 DEOPT UNPACKING pc=0x00000000034e7890 sp=0x0000000021b4ae48 mode 0
Event: 37.763 loading class com/sun/javafx/scene/layout/region/Margins
Event: 37.763 loading class com/sun/javafx/scene/layout/region/Margins done
Event: 37.763 loading class javafx/scene/layout/BorderStrokeStyle
Event: 37.763 loading class javafx/scene/layout/BorderStrokeStyle done
Event: 37.764 loading class javafx/scene/layout/BorderStroke
Event: 37.764 loading class javafx/scene/layout/BorderStroke done
Event: 37.777 loading class com/sun/prism/shader/DrawRoundRect_Color_Loader
Event: 37.777 loading class com/sun/prism/shader/DrawRoundRect_Color_Loader done
Event: 37.793 Executing VM operation: RevokeBias


Dynamic libraries:
0x00007ff787040000 - 0x00007ff787077000 	C:\Program Files\Java\jdk1.8.0_202\jre\bin\java.exe
0x00007ffe63150000 - 0x00007ffe63348000 	C:\Windows\SYSTEM32\ntdll.dll
0x00007ffe61d60000 - 0x00007ffe61e22000 	C:\Windows\System32\KERNEL32.DLL
0x00007ffe609d0000 - 0x00007ffe60ccf000 	C:\Windows\System32\KERNELBASE.dll
0x00007ffe62c90000 - 0x00007ffe62d41000 	C:\Windows\System32\ADVAPI32.dll
0x00007ffe61960000 - 0x00007ffe619fe000 	C:\Windows\System32\msvcrt.dll
0x00007ffe62bf0000 - 0x00007ffe62c8f000 	C:\Windows\System32\sechost.dll
0x00007ffe62d50000 - 0x00007ffe62e73000 	C:\Windows\System32\RPCRT4.dll
0x00007ffe60f50000 - 0x00007ffe60f77000 	C:\Windows\System32\bcrypt.dll
0x00007ffe62ec0000 - 0x00007ffe6305d000 	C:\Windows\System32\USER32.dll
0x00007ffe608a0000 - 0x00007ffe608c2000 	C:\Windows\System32\win32u.dll
0x00007ffe62ae0000 - 0x00007ffe62b0b000 	C:\Windows\System32\GDI32.dll
0x00007ffe60cd0000 - 0x00007ffe60de7000 	C:\Windows\System32\gdi32full.dll
0x00007ffe61010000 - 0x00007ffe610ad000 	C:\Windows\System32\msvcp_win.dll
0x00007ffe608d0000 - 0x00007ffe609d0000 	C:\Windows\System32\ucrtbase.dll
0x00007ffe43ed0000 - 0x00007ffe4416a000 	C:\Windows\WinSxS\amd64_microsoft.windows.common-controls_6595b64144ccf1df_6.0.19041.4355_none_60b8b9eb71f62e16\COMCTL32.dll
0x00007ffe62e80000 - 0x00007ffe62eaf000 	C:\Windows\System32\IMM32.DLL
0x00000000514a0000 - 0x0000000051572000 	C:\Program Files\Java\jdk1.8.0_202\jre\bin\msvcr100.dll
0x0000000051580000 - 0x0000000051e25000 	C:\Program Files\Java\jdk1.8.0_202\jre\bin\server\jvm.dll
0x00007ffe62b10000 - 0x00007ffe62b18000 	C:\Windows\System32\PSAPI.DLL
0x00007ffe598e0000 - 0x00007ffe598e9000 	C:\Windows\SYSTEM32\WSOCK32.dll
0x00007ffe4ac80000 - 0x00007ffe4aca7000 	C:\Windows\SYSTEM32\WINMM.dll
0x00007ffe62160000 - 0x00007ffe621cb000 	C:\Windows\System32\WS2_32.dll
0x00007ffe59430000 - 0x00007ffe5943a000 	C:\Windows\SYSTEM32\VERSION.dll
0x00007ffe596c0000 - 0x00007ffe596cf000 	C:\Program Files\Java\jdk1.8.0_202\jre\bin\verify.dll
0x00007ffe58df0000 - 0x00007ffe58e19000 	C:\Program Files\Java\jdk1.8.0_202\jre\bin\java.dll
0x00007ffe58c90000 - 0x00007ffe58ca6000 	C:\Program Files\Java\jdk1.8.0_202\jre\bin\zip.dll
0x00007ffe62290000 - 0x00007ffe629fe000 	C:\Windows\System32\SHELL32.dll
0x00007ffe5e840000 - 0x00007ffe5efe4000 	C:\Windows\SYSTEM32\windows.storage.dll
0x00007ffe61160000 - 0x00007ffe614b5000 	C:\Windows\System32\combase.dll
0x00007ffe60210000 - 0x00007ffe6023f000 	C:\Windows\SYSTEM32\Wldp.dll
0x00007ffe62b20000 - 0x00007ffe62bed000 	C:\Windows\System32\OLEAUT32.dll
0x00007ffe621d0000 - 0x00007ffe6227d000 	C:\Windows\System32\SHCORE.dll
0x00007ffe61c10000 - 0x00007ffe61c65000 	C:\Windows\System32\shlwapi.dll
0x00007ffe60710000 - 0x00007ffe60734000 	C:\Windows\SYSTEM32\profapi.dll
0x00000000030e0000 - 0x00000000030e3000 	C:\Program Files\Java\jdk1.8.0_202\jre\bin\api-ms-win-core-console-l1-1-0.dll
0x00000000030f0000 - 0x00000000030f3000 	C:\Program Files\Java\jdk1.8.0_202\jre\bin\api-ms-win-core-datetime-l1-1-0.dll
0x0000000003100000 - 0x0000000003103000 	C:\Program Files\Java\jdk1.8.0_202\jre\bin\api-ms-win-core-debug-l1-1-0.dll
0x0000000003170000 - 0x0000000003173000 	C:\Program Files\Java\jdk1.8.0_202\jre\bin\api-ms-win-core-errorhandling-l1-1-0.dll
0x0000000003180000 - 0x0000000003184000 	C:\Program Files\Java\jdk1.8.0_202\jre\bin\api-ms-win-core-file-l1-1-0.dll
0x0000000020380000 - 0x0000000020383000 	C:\Program Files\Java\jdk1.8.0_202\jre\bin\api-ms-win-core-file-l1-2-0.dll
0x0000000020390000 - 0x0000000020393000 	C:\Program Files\Java\jdk1.8.0_202\jre\bin\api-ms-win-core-file-l2-1-0.dll
0x00000000203a0000 - 0x00000000203a3000 	C:\Program Files\Java\jdk1.8.0_202\jre\bin\api-ms-win-core-handle-l1-1-0.dll
0x00000000203b0000 - 0x00000000203b3000 	C:\Program Files\Java\jdk1.8.0_202\jre\bin\api-ms-win-core-heap-l1-1-0.dll
0x00000000203c0000 - 0x00000000203c3000 	C:\Program Files\Java\jdk1.8.0_202\jre\bin\api-ms-win-core-interlocked-l1-1-0.dll
0x00000000203d0000 - 0x00000000203d3000 	C:\Program Files\Java\jdk1.8.0_202\jre\bin\api-ms-win-core-libraryloader-l1-1-0.dll
0x00000000203e0000 - 0x00000000203e3000 	C:\Program Files\Java\jdk1.8.0_202\jre\bin\api-ms-win-core-localization-l1-2-0.dll
0x00000000203f0000 - 0x00000000203f3000 	C:\Program Files\Java\jdk1.8.0_202\jre\bin\api-ms-win-core-memory-l1-1-0.dll
0x0000000020400000 - 0x0000000020403000 	C:\Program Files\Java\jdk1.8.0_202\jre\bin\api-ms-win-core-namedpipe-l1-1-0.dll
0x0000000020410000 - 0x0000000020413000 	C:\Program Files\Java\jdk1.8.0_202\jre\bin\api-ms-win-core-processenvironment-l1-1-0.dll
0x0000000020420000 - 0x0000000020423000 	C:\Program Files\Java\jdk1.8.0_202\jre\bin\api-ms-win-core-processthreads-l1-1-0.dll
0x0000000020430000 - 0x0000000020433000 	C:\Program Files\Java\jdk1.8.0_202\jre\bin\api-ms-win-core-processthreads-l1-1-1.dll
0x0000000020440000 - 0x0000000020443000 	C:\Program Files\Java\jdk1.8.0_202\jre\bin\api-ms-win-core-profile-l1-1-0.dll
0x0000000020450000 - 0x0000000020453000 	C:\Program Files\Java\jdk1.8.0_202\jre\bin\api-ms-win-core-rtlsupport-l1-1-0.dll
0x0000000020460000 - 0x0000000020463000 	C:\Program Files\Java\jdk1.8.0_202\jre\bin\api-ms-win-core-string-l1-1-0.dll
0x0000000020470000 - 0x0000000020473000 	C:\Program Files\Java\jdk1.8.0_202\jre\bin\api-ms-win-core-synch-l1-1-0.dll
0x0000000020480000 - 0x0000000020483000 	C:\Program Files\Java\jdk1.8.0_202\jre\bin\api-ms-win-core-synch-l1-2-0.dll
0x0000000020490000 - 0x0000000020493000 	C:\Program Files\Java\jdk1.8.0_202\jre\bin\api-ms-win-core-sysinfo-l1-1-0.dll
0x00000000204a0000 - 0x00000000204a3000 	C:\Program Files\Java\jdk1.8.0_202\jre\bin\api-ms-win-core-timezone-l1-1-0.dll
0x00000000204b0000 - 0x00000000204b3000 	C:\Program Files\Java\jdk1.8.0_202\jre\bin\api-ms-win-core-util-l1-1-0.dll
0x00000000204c0000 - 0x00000000204c3000 	C:\Program Files\Java\jdk1.8.0_202\jre\bin\api-ms-win-crt-conio-l1-1-0.dll
0x00000000204d0000 - 0x00000000204d4000 	C:\Program Files\Java\jdk1.8.0_202\jre\bin\api-ms-win-crt-convert-l1-1-0.dll
0x00000000204e0000 - 0x00000000204e3000 	C:\Program Files\Java\jdk1.8.0_202\jre\bin\api-ms-win-crt-environment-l1-1-0.dll
0x00000000204f0000 - 0x00000000204f3000 	C:\Program Files\Java\jdk1.8.0_202\jre\bin\api-ms-win-crt-filesystem-l1-1-0.dll
0x0000000020500000 - 0x0000000020503000 	C:\Program Files\Java\jdk1.8.0_202\jre\bin\api-ms-win-crt-heap-l1-1-0.dll
0x0000000020510000 - 0x0000000020513000 	C:\Program Files\Java\jdk1.8.0_202\jre\bin\api-ms-win-crt-locale-l1-1-0.dll
0x0000000020520000 - 0x0000000020525000 	C:\Program Files\Java\jdk1.8.0_202\jre\bin\api-ms-win-crt-math-l1-1-0.dll
0x0000000020530000 - 0x0000000020535000 	C:\Program Files\Java\jdk1.8.0_202\jre\bin\api-ms-win-crt-multibyte-l1-1-0.dll
0x0000000020540000 - 0x0000000020550000 	C:\Program Files\Java\jdk1.8.0_202\jre\bin\api-ms-win-crt-private-l1-1-0.dll
0x0000000020550000 - 0x0000000020553000 	C:\Program Files\Java\jdk1.8.0_202\jre\bin\api-ms-win-crt-process-l1-1-0.dll
0x0000000020560000 - 0x0000000020564000 	C:\Program Files\Java\jdk1.8.0_202\jre\bin\api-ms-win-crt-runtime-l1-1-0.dll
0x0000000020570000 - 0x0000000020574000 	C:\Program Files\Java\jdk1.8.0_202\jre\bin\api-ms-win-crt-stdio-l1-1-0.dll
0x0000000020580000 - 0x0000000020584000 	C:\Program Files\Java\jdk1.8.0_202\jre\bin\api-ms-win-crt-string-l1-1-0.dll
0x0000000020590000 - 0x0000000020593000 	C:\Program Files\Java\jdk1.8.0_202\jre\bin\api-ms-win-crt-time-l1-1-0.dll
0x00000000205a0000 - 0x00000000205a3000 	C:\Program Files\Java\jdk1.8.0_202\jre\bin\api-ms-win-crt-utility-l1-1-0.dll
0x00007ffe338e0000 - 0x00007ffe339d6000 	C:\Program Files\Java\jdk1.8.0_202\jre\bin\ucrtbase.dll
0x00007ffe59870000 - 0x00007ffe59886000 	C:\Program Files\Java\jdk1.8.0_202\jre\bin\vcruntime140.dll
0x00007ffe2e4c0000 - 0x00007ffe2e55c000 	C:\Program Files\Java\jdk1.8.0_202\jre\bin\msvcp140.dll
0x00007ffe42e10000 - 0x00007ffe42e61000 	C:\Program Files\Java\jdk1.8.0_202\jre\bin\concrt140.dll
0x00007ffe556b0000 - 0x00007ffe556d3000 	C:\Program Files\Java\jdk1.8.0_202\jre\bin\prism_d3d.dll
0x00007ffe15bd0000 - 0x00007ffe15da1000 	C:\Windows\system32\d3d9.dll
0x00007ffe5f000000 - 0x00007ffe5f012000 	C:\Windows\SYSTEM32\kernel.appcore.dll
0x00007ffe5e360000 - 0x00007ffe5e38f000 	C:\Windows\SYSTEM32\dwmapi.dll
0x00007ffe5adb0000 - 0x00007ffe5ae4e000 	C:\Windows\system32\uxtheme.dll
0x00007ffe603a0000 - 0x00007ffe603b2000 	C:\Windows\SYSTEM32\msasn1.dll
0x00007ffe518d0000 - 0x00007ffe51901000 	C:\Windows\SYSTEM32\cryptnet.dll
0x00007ffe60df0000 - 0x00007ffe60f4c000 	C:\Windows\System32\CRYPT32.dll
0x00007ffe60180000 - 0x00007ffe6018c000 	C:\Windows\SYSTEM32\cryptbase.dll
0x00007ffe607e0000 - 0x00007ffe60849000 	C:\Windows\System32\wintrust.dll
0x00007ffe61940000 - 0x00007ffe6195d000 	C:\Windows\System32\imagehlp.dll
0x00007ffe60160000 - 0x00007ffe60178000 	C:\Windows\SYSTEM32\CRYPTSP.dll
0x00007ffe5f820000 - 0x00007ffe5f854000 	C:\Windows\system32\rsaenh.dll
0x00007ffe60f80000 - 0x00007ffe61002000 	C:\Windows\System32\bcryptPrimitives.dll
0x00007ffe38890000 - 0x00007ffe388d9000 	C:\Program Files\Java\jdk1.8.0_202\jre\bin\glass.dll
0x00007ffe62a00000 - 0x00007ffe62ada000 	C:\Windows\System32\COMDLG32.dll
0x00007ffe61ae0000 - 0x00007ffe61c0b000 	C:\Windows\System32\ole32.dll
0x00007ffe62040000 - 0x00007ffe62155000 	C:\Windows\System32\MSCTF.dll
0x00007ffe2b620000 - 0x00007ffe2b6e1000 	C:\Windows\System32\DriverStore\FileRepository\nvbl.inf_amd64_40a1fdce5d23d247\nvldumdx.dll
0x00007ffe52580000 - 0x00007ffe526c7000 	C:\Windows\SYSTEM32\drvstore.dll
0x00007ffe605a0000 - 0x00007ffe605d3000 	C:\Windows\SYSTEM32\devobj.dll
0x00007ffe60850000 - 0x00007ffe6089e000 	C:\Windows\System32\cfgmgr32.dll
0x00007ffdcb2c0000 - 0x00007ffdcd0ef000 	C:\Windows\System32\DriverStore\FileRepository\nvbl.inf_amd64_40a1fdce5d23d247\nvgpucomp64.dll
0x00007ffddca10000 - 0x00007ffddea53000 	C:\Windows\System32\DriverStore\FileRepository\nvbl.inf_amd64_40a1fdce5d23d247\nvd3dumx.dll
0x00007ffe590c0000 - 0x00007ffe590fb000 	C:\Windows\SYSTEM32\dxcore.dll
0x00007ffe135e0000 - 0x00007ffe1378f000 	C:\Windows\System32\DriverStore\FileRepository\iigd_dch.inf_amd64_51f685305808e3a5\igdumdim64.dll
0x00007ffe08b30000 - 0x00007ffe0bbd3000 	C:\Windows\System32\DriverStore\FileRepository\iigd_dch.inf_amd64_51f685305808e3a5\igd9dxva64.dll
0x00007ffe614c0000 - 0x00007ffe61931000 	C:\Windows\System32\SETUPAPI.dll
0x00007ffe519f0000 - 0x00007ffe51df9000 	C:\Windows\System32\DriverStore\FileRepository\iigd_dch.inf_amd64_51f685305808e3a5\igdgmm64.dll
0x00007ffe34ed0000 - 0x00007ffe34ef7000 	C:\Windows\System32\DriverStore\FileRepository\iigd_dch.inf_amd64_51f685305808e3a5\igdinfo64.dll
0x00007ffe4e130000 - 0x00007ffe518c4000 	C:\Windows\System32\DriverStore\FileRepository\iigd_dch.inf_amd64_51f685305808e3a5\igc64.dll
0x00007ffe58cb0000 - 0x00007ffe58cc4000 	C:\Program Files\Java\jdk1.8.0_202\jre\bin\javafx_font.dll
0x00007ffe55710000 - 0x00007ffe5598f000 	C:\Windows\SYSTEM32\dwrite.dll
0x00007ffe2c840000 - 0x00007ffe2c8e3000 	C:\Program Files\Java\jdk1.8.0_202\jre\bin\glib-lite.dll
0x00007ffe2c760000 - 0x00007ffe2c840000 	C:\Program Files\Java\jdk1.8.0_202\jre\bin\gstreamer-lite.dll
0x00007ffe2aa80000 - 0x00007ffe2ab1c000 	C:\Windows\SYSTEM32\DSOUND.dll
0x00007ffe33bc0000 - 0x00007ffe33be6000 	C:\Windows\SYSTEM32\winmmbase.dll
0x00007ffe5fd70000 - 0x00007ffe5fdbb000 	C:\Windows\SYSTEM32\powrprof.dll
0x00007ffe5fbe0000 - 0x00007ffe5fbf2000 	C:\Windows\SYSTEM32\UMPDC.dll
0x00007ffe44bc0000 - 0x00007ffe44be7000 	C:\Program Files\Java\jdk1.8.0_202\jre\bin\jfxmedia.dll
0x00007ffe63060000 - 0x00007ffe63109000 	C:\Windows\System32\clbcatq.dll
0x00007ffe5a550000 - 0x00007ffe5a646000 	C:\Windows\system32\propsys.dll
0x00007ffe2f2d0000 - 0x00007ffe2f301000 	C:\Program Files\Java\jdk1.8.0_202\jre\bin\fxplugins.dll
0x00007ffe58a10000 - 0x00007ffe58a95000 	C:\Windows\System32\MMDevApi.dll
0x00007ffe58aa0000 - 0x00007ffe58c21000 	C:\Windows\SYSTEM32\AUDIOSES.DLL
0x00007ffe5b1f0000 - 0x00007ffe5b204000 	C:\Windows\SYSTEM32\resourcepolicyclient.dll
0x00007ffe447f0000 - 0x00007ffe4481b000 	C:\Windows\System32\qasf.dll
0x00007ffe46ec0000 - 0x00007ffe46ecb000 	C:\Windows\System32\msdmo.dll
0x00007ffe1c7c0000 - 0x00007ffe1ca19000 	C:\Windows\System32\WMVCore.DLL

VM Arguments:
jvm_args: -Dfile.encoding=UTF-8 
java_command: D:\ITI\Java\project\tic_tac_toe\dist\run1970740949\tic_tac_toe.jar
java_class_path (initial): D:\ITI\Java\project\tic_tac_toe\dist\run1970740949\tic_tac_toe.jar
Launcher Type: SUN_STANDARD

Environment Variables:
JAVA_HOME=C:\Program Files\Java\jdk-21\
PATH=C:\Program Files\Java\jdk1.8.0_202\bin;C:\Program Files\Java\jdk-21\bin;C:\Program Files (x86)\VMware\VMware Workstation\bin\;C:\Program Files\Common Files\Oracle\Java\javapath;C:\Program Files (x86)\Common Files\Oracle\Java\java8path;C:\Program Files (x86)\Common Files\Oracle\Java\javapath;C:\Windows\system32;C:\Windows;C:\Windows\System32\Wbem;C:\Windows\System32\WindowsPowerShell\v1.0\;C:\Windows\System32\OpenSSH\;C:\Program Files\Git\cmd;C:\Program Files\MySQL\MySQL Shell 8.0\bin\;C:\Users\3wiida\AppData\Local\Programs\Python\Python312\Scripts\;C:\Users\3wiida\AppData\Local\Programs\Python\Python312\;C:\Users\3wiida\AppData\Local\Microsoft\WindowsApps;C:\Users\3wiida\AppData\Local\Programs\Microsoft VS Code\bin;C:\Users\3wiida\AppData\Local\JetBrains\Toolbox\scripts;C:\msys64\ucrt64\bin;C:\adb;C:\Program Files\MySQL\MySQL Shell 8.0\bin\;C:\Users\3wiida\AppData\Local\Programs\Python\Python312\Scripts\;C:\Users\3wiida\AppData\Local\Programs\Python\Python312\;C:\Users\3wiida\AppData\Local\Microsoft\WindowsApps;C:\Users\3wiida\AppData\Local\Programs\Microsoft VS Code\bin;C:\Users\3wiida\AppData\Local\JetBrains\Toolbox\scripts;C:\msys64\ucrt64\bin;C:\Program Files\JetBrains\IntelliJ IDEA 2024.3\bin;;C:\Program Files\JetBrains\IntelliJ IDEA Community Edition 2024.3.1\bin;;C:\Program Files\JetBrains\CLion 2024.3.1\bin;;C:\Users\3wiida\AppData\Local\GitHubDesktop\bin
USERNAME=3wiida
OS=Windows_NT
PROCESSOR_IDENTIFIER=Intel64 Family 6 Model 94 Stepping 3, GenuineIntel



---------------  S Y S T E M  ---------------

OS: Windows 10.0 , 64 bit Build 19041 (10.0.19041.5198)

CPU:total 8 (initial active 8) (4 cores per cpu, 2 threads per core) family 6 model 94 stepping 3, cmov, cx8, fxsr, mmx, sse, sse2, sse3, ssse3, sse4.1, sse4.2, popcnt, avx, avx2, aes, clmul, erms, rtm, 3dnowpref, lzcnt, ht, tsc, tscinvbit, bmi1, bmi2, adx

Memory: 4k page, physical 16653940k(9732500k free), swap 22421108k(10742952k free)

vm_info: Java HotSpot(TM) 64-Bit Server VM (25.202-b08) for windows-amd64 JRE (1.8.0_202-b08), built on Dec 15 2018 19:54:30 by "java_re" with MS VC++ 10.0 (VS2010)

time: Fri Jan 24 16:59:37 2025
timezone: Egypt Standard Time
elapsed time: 39 seconds (0d 0h 0m 39s)

