#
# A fatal error has been detected by the Java Runtime Environment:
#
#  Internal Error (safepoint.cpp:687), pid=7804, tid=0x000000000000306c
#  fatal error: Deadlock in safepoint code.  Should have called back to the VM before blocking.
#
# JRE version: Java(TM) SE Runtime Environment (8.0_202-b08) (build 1.8.0_202-b08)
# Java VM: Java HotSpot(TM) 64-Bit Server VM (25.202-b08 mixed mode windows-amd64 compressed oops)
# Failed to write core dump. Minidumps are not enabled by default on client versions of Windows
#
# If you would like to submit a bug report, please visit:
#   http://bugreport.java.com/bugreport/crash.jsp
#

---------------  T H R E A D  ---------------

Current thread (0x000000001fca4000):  JavaThread "JavaFX Application Thread" [_thread_in_native_trans, id=12396, stack(0x0000000021a80000,0x0000000021b80000)]

Stack: [0x0000000021a80000,0x0000000021b80000]
[error occurred during error reporting (printing stack bounds), id 0xc0000005]

Native frames: (J=compiled Java code, j=interpreted, Vv=VM code, C=native code)

Java frames: (J=compiled Java code, j=interpreted, Vv=VM code)
j  com.sun.glass.ui.win.WinApplication._enterNestedEventLoopImpl()Ljava/lang/Object;+0
j  com.sun.glass.ui.win.WinApplication._enterNestedEventLoop()Ljava/lang/Object;+15
j  com.sun.glass.ui.Application.enterNestedEventLoop()Ljava/lang/Object;+14
j  com.sun.glass.ui.EventLoop.enter()Ljava/lang/Object;+42
j  com.sun.javafx.tk.quantum.QuantumToolkit.enterNestedEventLoop(Ljava/lang/Object;)Ljava/lang/Object;+107
j  javafx.stage.Stage.showAndWait()V+93
j  tic_tac_toe.view.landing.LandingScreenController.showAuthPopup(Ljavafx/event/Event;)V+105
j  tic_tac_toe.view.landing.LandingScreenController.lambda$showIPPopUp$0(Ljavafx/event/ActionEvent;Ljavafx/stage/WindowEvent;)V+2
j  tic_tac_toe.view.landing.LandingScreenController$$Lambda$228.handle(Ljavafx/event/Event;)V+12
j  tic_tac_toe.view.landing.LandingScreenController.showIPPopUp(Ljavafx/event/ActionEvent;)V+155
j  tic_tac_toe.view.landing.LandingScreenController.SignUpClicked(Ljavafx/event/ActionEvent;)V+16
v  ~StubRoutines::call_stub
j  sun.reflect.NativeMethodAccessorImpl.invoke0(Ljava/lang/reflect/Method;Ljava/lang/Object;[Ljava/lang/Object;)Ljava/lang/Object;+0
j  sun.reflect.NativeMethodAccessorImpl.invoke(Ljava/lang/Object;[Ljava/lang/Object;)Ljava/lang/Object;+100
j  sun.reflect.DelegatingMethodAccessorImpl.invoke(Ljava/lang/Object;[Ljava/lang/Object;)Ljava/lang/Object;+6
j  java.lang.reflect.Method.invoke(Ljava/lang/Object;[Ljava/lang/Object;)Ljava/lang/Object;+56
j  sun.reflect.misc.Trampoline.invoke(Ljava/lang/reflect/Method;Ljava/lang/Object;[Ljava/lang/Object;)Ljava/lang/Object;+7
j  sun.reflect.GeneratedMethodAccessor1.invoke(Ljava/lang/Object;[Ljava/lang/Object;)Ljava/lang/Object;+40
j  sun.reflect.DelegatingMethodAccessorImpl.invoke(Ljava/lang/Object;[Ljava/lang/Object;)Ljava/lang/Object;+6
j  java.lang.reflect.Method.invoke(Ljava/lang/Object;[Ljava/lang/Object;)Ljava/lang/Object;+56
j  sun.reflect.misc.MethodUtil.invoke(Ljava/lang/reflect/Method;Ljava/lang/Object;[Ljava/lang/Object;)Ljava/lang/Object;+20
j  javafx.fxml.FXMLLoader$MethodHandler.invoke([Ljava/lang/Object;)V+19
j  javafx.fxml.FXMLLoader$ControllerMethodEventHandler.handle(Ljavafx/event/Event;)V+12
j  com.sun.javafx.event.CompositeEventHandler.dispatchBubblingEvent(Ljavafx/event/Event;)V+51
J 1315 C1 com.sun.javafx.event.EventHandlerManager.dispatchBubblingEvent(Ljavafx/event/Event;)Ljavafx/event/Event; (23 bytes) @ 0x00000000038e54a4 [0x00000000038e4e20+0x684]
J 1314 C1 com.sun.javafx.event.CompositeEventDispatcher.dispatchBubblingEvent(Ljavafx/event/Event;)Ljavafx/event/Event; (35 bytes) @ 0x00000000038e5e1c [0x00000000038e5c60+0x1bc]
J 1305 C1 com.sun.javafx.event.BasicEventDispatcher.dispatchEvent(Ljavafx/event/Event;Ljavafx/event/EventDispatchChain;)Ljavafx/event/Event; (44 bytes) @ 0x00000000038e2dbc [0x00000000038e2a80+0x33c]
J 1193 C1 com.sun.javafx.event.EventDispatchChainImpl.dispatchEvent(Ljavafx/event/Event;)Ljavafx/event/Event; (101 bytes) @ 0x00000000038b4dfc [0x00000000038b4c40+0x1bc]
J 1305 C1 com.sun.javafx.event.BasicEventDispatcher.dispatchEvent(Ljavafx/event/Event;Ljavafx/event/EventDispatchChain;)Ljavafx/event/Event; (44 bytes) @ 0x00000000038e2cd4 [0x00000000038e2a80+0x254]
J 1193 C1 com.sun.javafx.event.EventDispatchChainImpl.dispatchEvent(Ljavafx/event/Event;)Ljavafx/event/Event; (101 bytes) @ 0x00000000038b4dfc [0x00000000038b4c40+0x1bc]
J 1305 C1 com.sun.javafx.event.BasicEventDispatcher.dispatchEvent(Ljavafx/event/Event;Ljavafx/event/EventDispatchChain;)Ljavafx/event/Event; (44 bytes) @ 0x00000000038e2cd4 [0x00000000038e2a80+0x254]
J 1193 C1 com.sun.javafx.event.EventDispatchChainImpl.dispatchEvent(Ljavafx/event/Event;)Ljavafx/event/Event; (101 bytes) @ 0x00000000038b4dfc [0x00000000038b4c40+0x1bc]
j  com.sun.javafx.event.EventUtil.fireEventImpl(Ljavafx/event/EventDispatchChain;Ljavafx/event/EventTarget;Ljavafx/event/Event;)Ljavafx/event/Event;+10
j  com.sun.javafx.event.EventUtil.fireEvent(Ljavafx/event/EventTarget;Ljavafx/event/Event;)Ljavafx/event/Event;+37
j  javafx.event.Event.fireEvent(Ljavafx/event/EventTarget;Ljavafx/event/Event;)V+30
j  javafx.scene.Node.fireEvent(Ljavafx/event/Event;)V+86
j  javafx.scene.control.Button.fire()V+15
j  com.sun.javafx.scene.control.behavior.ButtonBehavior.mouseReleased(Ljavafx/scene/input/MouseEvent;)V+23
j  com.sun.javafx.scene.control.skin.BehaviorSkinBase$1.handle(Ljavafx/scene/input/MouseEvent;)V+83
j  com.sun.javafx.scene.control.skin.BehaviorSkinBase$1.handle(Ljavafx/event/Event;)V+5
j  com.sun.javafx.event.CompositeEventHandler$NormalEventHandlerRecord.handleBubblingEvent(Ljavafx/event/Event;)V+5
j  com.sun.javafx.event.CompositeEventHandler.dispatchBubblingEvent(Ljavafx/event/Event;)V+28
J 1315 C1 com.sun.javafx.event.EventHandlerManager.dispatchBubblingEvent(Ljavafx/event/Event;)Ljavafx/event/Event; (23 bytes) @ 0x00000000038e54a4 [0x00000000038e4e20+0x684]
J 1314 C1 com.sun.javafx.event.CompositeEventDispatcher.dispatchBubblingEvent(Ljavafx/event/Event;)Ljavafx/event/Event; (35 bytes) @ 0x00000000038e5e1c [0x00000000038e5c60+0x1bc]
J 1305 C1 com.sun.javafx.event.BasicEventDispatcher.dispatchEvent(Ljavafx/event/Event;Ljavafx/event/EventDispatchChain;)Ljavafx/event/Event; (44 bytes) @ 0x00000000038e2dbc [0x00000000038e2a80+0x33c]
J 1193 C1 com.sun.javafx.event.EventDispatchChainImpl.dispatchEvent(Ljavafx/event/Event;)Ljavafx/event/Event; (101 bytes) @ 0x00000000038b4dfc [0x00000000038b4c40+0x1bc]
J 1305 C1 com.sun.javafx.event.BasicEventDispatcher.dispatchEvent(Ljavafx/event/Event;Ljavafx/event/EventDispatchChain;)Ljavafx/event/Event; (44 bytes) @ 0x00000000038e2cd4 [0x00000000038e2a80+0x254]
J 1193 C1 com.sun.javafx.event.EventDispatchChainImpl.dispatchEvent(Ljavafx/event/Event;)Ljavafx/event/Event; (101 bytes) @ 0x00000000038b4dfc [0x00000000038b4c40+0x1bc]
J 1305 C1 com.sun.javafx.event.BasicEventDispatcher.dispatchEvent(Ljavafx/event/Event;Ljavafx/event/EventDispatchChain;)Ljavafx/event/Event; (44 bytes) @ 0x00000000038e2cd4 [0x00000000038e2a80+0x254]
J 1193 C1 com.sun.javafx.event.EventDispatchChainImpl.dispatchEvent(Ljavafx/event/Event;)Ljavafx/event/Event; (101 bytes) @ 0x00000000038b4dfc [0x00000000038b4c40+0x1bc]
j  com.sun.javafx.event.EventUtil.fireEventImpl(Ljavafx/event/EventDispatchChain;Ljavafx/event/EventTarget;Ljavafx/event/Event;)Ljavafx/event/Event;+10
j  com.sun.javafx.event.EventUtil.fireEvent(Ljavafx/event/EventTarget;Ljavafx/event/Event;)Ljavafx/event/Event;+46
j  javafx.event.Event.fireEvent(Ljavafx/event/EventTarget;Ljavafx/event/Event;)V+30
j  javafx.scene.Scene$MouseHandler.process(Ljavafx/scene/input/MouseEvent;Z)V+491
j  javafx.scene.Scene$MouseHandler.access$1500(Ljavafx/scene/Scene$MouseHandler;Ljavafx/scene/input/MouseEvent;Z)V+3
j  javafx.scene.Scene.impl_processMouseEvent(Ljavafx/scene/input/MouseEvent;)V+6
j  javafx.scene.Scene$ScenePeerListener.mouseEvent(Ljavafx/event/EventType;DDDDLjavafx/scene/input/MouseButton;ZZZZZZZZZ)V+46
j  com.sun.javafx.tk.quantum.GlassViewEventHandler$MouseEventNotification.run()Ljava/lang/Void;+571
j  com.sun.javafx.tk.quantum.GlassViewEventHandler$MouseEventNotification.run()Ljava/lang/Object;+1
v  ~StubRoutines::call_stub
J 1221  java.security.AccessController.doPrivileged(Ljava/security/PrivilegedAction;Ljava/security/AccessControlContext;)Ljava/lang/Object; (0 bytes) @ 0x00000000038c1426 [0x00000000038c13c0+0x66]
j  com.sun.javafx.tk.quantum.GlassViewEventHandler.lambda$handleMouseEvent$358()Ljava/lang/Void;+11
j  com.sun.javafx.tk.quantum.GlassViewEventHandler$$Lambda$183.get()Ljava/lang/Object;+4
J 1274 C1 com.sun.javafx.tk.quantum.QuantumToolkit.runWithoutRenderLock(Ljava/util/function/Supplier;)Ljava/lang/Object; (49 bytes) @ 0x00000000038d7264 [0x00000000038d6d20+0x544]
j  com.sun.javafx.tk.quantum.GlassViewEventHandler.handleMouseEvent(Lcom/sun/glass/ui/View;JIIIIIIIZZ)V+103
j  com.sun.glass.ui.View.handleMouseEvent(JIIIIIIIZZ)V+30
j  com.sun.glass.ui.View.notifyMouse(IIIIIIIZZ)V+181
v  ~StubRoutines::call_stub
j  com.sun.glass.ui.win.WinApplication._runLoop(Ljava/lang/Runnable;)V+0
j  com.sun.glass.ui.win.WinApplication.lambda$null$152(ILjava/lang/Runnable;)V+8
j  com.sun.glass.ui.win.WinApplication$$Lambda$37.run()V+12
j  java.lang.Thread.run()V+11
v  ~StubRoutines::call_stub

---------------  P R O C E S S  ---------------

Java Threads: ( => current thread )
  0x000000002005e800 JavaThread "Thread-30" [_thread_in_native, id=10732, stack(0x000000002a110000,0x000000002a210000)]
  0x000000002005f000 JavaThread "Timer-0" daemon [_thread_blocked, id=6940, stack(0x000000002d920000,0x000000002da20000)]
  0x0000000020268000 JavaThread "Media Resource Disposer" daemon [_thread_blocked, id=15412, stack(0x000000002d820000,0x000000002d920000)]
  0x0000000020038000 JavaThread "Prism Font Disposer" daemon [_thread_blocked, id=13844, stack(0x000000002ca60000,0x000000002cb60000)]
  0x000000001fd24800 JavaThread "Thread-3" daemon [_thread_blocked, id=15104, stack(0x00000000282d0000,0x00000000283d0000)]
  0x000000001fd25800 JavaThread "JavaFX-Launcher" [_thread_blocked, id=14688, stack(0x00000000283d0000,0x00000000284d0000)]
=>0x000000001fca4000 JavaThread "JavaFX Application Thread" [_thread_in_native_trans, id=12396, stack(0x0000000021a80000,0x0000000021b80000)]
  0x000000001fc90000 JavaThread "Thread-1" daemon [_thread_blocked, id=14848, stack(0x0000000021980000,0x0000000021a80000)]
  0x000000001fc84000 JavaThread "QuantumRenderer-0" daemon [_thread_blocked, id=14220, stack(0x0000000020660000,0x0000000020760000)]
  0x000000001edac800 JavaThread "Service Thread" daemon [_thread_blocked, id=9640, stack(0x000000001f9f0000,0x000000001faf0000)]
  0x000000001ed32800 JavaThread "C1 CompilerThread3" daemon [_thread_blocked, id=6492, stack(0x000000001f8f0000,0x000000001f9f0000)]
  0x000000001ed2b000 JavaThread "C2 CompilerThread2" daemon [_thread_blocked, id=10604, stack(0x000000001f7f0000,0x000000001f8f0000)]
  0x000000001ed27000 JavaThread "C2 CompilerThread1" daemon [_thread_blocked, id=12500, stack(0x000000001f6f0000,0x000000001f7f0000)]
  0x000000001ed22800 JavaThread "C2 CompilerThread0" daemon [_thread_blocked, id=11696, stack(0x000000001f5f0000,0x000000001f6f0000)]
  0x000000001ed21800 JavaThread "Attach Listener" daemon [_thread_blocked, id=11992, stack(0x000000001f4f0000,0x000000001f5f0000)]
  0x000000001ed20000 JavaThread "Signal Dispatcher" daemon [_thread_blocked, id=16112, stack(0x000000001f3f0000,0x000000001f4f0000)]
  0x000000001ed11800 JavaThread "Finalizer" daemon [_thread_blocked, id=17096, stack(0x000000001f1f0000,0x000000001f2f0000)]
  0x000000001ed10800 JavaThread "Reference Handler" daemon [_thread_blocked, id=19476, stack(0x000000001f0f0000,0x000000001f1f0000)]
  0x000000000185e000 JavaThread "main" [_thread_blocked, id=6372, stack(0x00000000032a0000,0x00000000033a0000)]

Other Threads:
  0x000000001cef9800 VMThread [stack: 0x000000001ebf0000,0x000000001ecf0000] [id=19500]
  0x000000001ede6800 WatcherThread [stack: 0x000000001faf0000,0x000000001fbf0000] [id=9564]

VM state:synchronizing (normal execution)

VM Mutex/Monitor currently owned by a thread:  ([mutex/lock_event])
[0x000000000185d4f0] Threads_lock - owner thread: 0x000000001cef9800

heap address: 0x00000006c1e00000, size: 4066 MB, Compressed Oops mode: Zero based, Oop shift amount: 3
Narrow klass base: 0x0000000000000000, Narrow klass shift: 3
Compressed class space size: 1073741824 Address: 0x00000007c0000000

Heap:
 PSYoungGen      total 76288K, used 23203K [0x000000076b500000, 0x0000000770a00000, 0x00000007c0000000)
  eden space 65536K, 26% used [0x000000076b500000,0x000000076c5fa8e0,0x000000076f500000)
  from space 10752K, 54% used [0x000000076f500000,0x000000076faae560,0x000000076ff80000)
  to   space 10752K, 0% used [0x000000076ff80000,0x000000076ff80000,0x0000000770a00000)
 ParOldGen       total 175104K, used 80K [0x00000006c1e00000, 0x00000006cc900000, 0x000000076b500000)
  object space 175104K, 0% used [0x00000006c1e00000,0x00000006c1e14010,0x00000006cc900000)
 Metaspace       used 17781K, capacity 18528K, committed 18688K, reserved 1064960K
  class space    used 2550K, capacity 2741K, committed 2816K, reserved 1048576K

Card table byte_map: [0x0000000012860000,0x0000000013060000] byte_map_base: 0x000000000f251000

Marking Bits: (ParMarkBitMap*) 0x0000000051da5ce0
 Begin Bits: [0x0000000013db0000, 0x0000000017d38000)
 End Bits:   [0x0000000017d38000, 0x000000001bcc0000)

Polling page: 0x0000000001840000

CodeCache: size=245760Kb used=6325Kb max_used=6325Kb free=239434Kb
 bounds [0x00000000034a0000, 0x0000000003ae0000, 0x00000000124a0000]
 total_blobs=2740 nmethods=2084 adapters=568
 compilation: enabled

Compilation events (10 events):
Event: 18.802 Thread 0x000000001ed32800 2078       3       com.sun.prism.paint.Color::getBlue (5 bytes)
Event: 18.802 Thread 0x000000001ed32800 nmethod 2078 0x0000000003acb690 code [0x0000000003acb7e0, 0x0000000003acb930]
Event: 18.803 Thread 0x000000001ed32800 2080       3       com.sun.prism.impl.BaseGraphics::isAlphaTestShader (26 bytes)
Event: 18.803 Thread 0x000000001ed2b000 2082       4       java.lang.ref.Reference::<init> (25 bytes)
Event: 18.803 Thread 0x000000001ed32800 nmethod 2080 0x0000000003acbd90 code [0x0000000003acbf00, 0x0000000003acc230]
Event: 18.803 Thread 0x000000001ed32800 2081       1       com.sun.javafx.sg.prism.NGShape::getMode (5 bytes)
Event: 18.803 Thread 0x000000001ed32800 nmethod 2081 0x0000000003acc2d0 code [0x0000000003acc420, 0x0000000003acc530]
Event: 18.803 Thread 0x000000001ed32800 2083  s    3       com.sun.scenario.effect.impl.Renderer::getRenderer (252 bytes)
Event: 18.804 Thread 0x000000001ed2b000 nmethod 2082 0x0000000003acf250 code [0x0000000003acf380, 0x0000000003acf438]
Event: 18.805 Thread 0x000000001ed32800 nmethod 2083 0x0000000003acf490 code [0x0000000003acf820, 0x0000000003ad1848]

GC Heap History (2 events):
Event: 2.009 GC heap before
{Heap before GC invocations=1 (full 0):
 PSYoungGen      total 76288K, used 65536K [0x000000076b500000, 0x0000000770a00000, 0x00000007c0000000)
  eden space 65536K, 100% used [0x000000076b500000,0x000000076f500000,0x000000076f500000)
  from space 10752K, 0% used [0x000000076ff80000,0x000000076ff80000,0x0000000770a00000)
  to   space 10752K, 0% used [0x000000076f500000,0x000000076f500000,0x000000076ff80000)
 ParOldGen       total 175104K, used 0K [0x00000006c1e00000, 0x00000006cc900000, 0x000000076b500000)
  object space 175104K, 0% used [0x00000006c1e00000,0x00000006c1e00000,0x00000006cc900000)
 Metaspace       used 14939K, capacity 15546K, committed 15616K, reserved 1062912K
  class space    used 2084K, capacity 2235K, committed 2304K, reserved 1048576K
Event: 2.023 GC heap after
Heap after GC invocations=1 (full 0):
 PSYoungGen      total 76288K, used 5817K [0x000000076b500000, 0x0000000770a00000, 0x00000007c0000000)
  eden space 65536K, 0% used [0x000000076b500000,0x000000076b500000,0x000000076f500000)
  from space 10752K, 54% used [0x000000076f500000,0x000000076faae560,0x000000076ff80000)
  to   space 10752K, 0% used [0x000000076ff80000,0x000000076ff80000,0x0000000770a00000)
 ParOldGen       total 175104K, used 80K [0x00000006c1e00000, 0x00000006cc900000, 0x000000076b500000)
  object space 175104K, 0% used [0x00000006c1e00000,0x00000006c1e14010,0x00000006cc900000)
 Metaspace       used 14939K, capacity 15546K, committed 15616K, reserved 1062912K
  class space    used 2084K, capacity 2235K, committed 2304K, reserved 1048576K
}

Deoptimization events (10 events):
Event: 13.431 Thread 0x000000001fca4000 Uncommon trap: reason=unstable_if action=reinterpret pc=0x000000000380e028 method=jdk.internal.org.objectweb.asm.Type.getArgumentsAndReturnSizes(Ljava/lang/String;)I @ 47
Event: 13.553 Thread 0x000000001fca4000 Uncommon trap: reason=unstable_if action=reinterpret pc=0x000000000374d584 method=java.util.HashMap.hash(Ljava/lang/Object;)I @ 1
Event: 13.553 Thread 0x000000001fca4000 Uncommon trap: reason=unstable_if action=reinterpret pc=0x0000000003804ff0 method=java.util.HashMap.hash(Ljava/lang/Object;)I @ 1
Event: 13.554 Thread 0x000000001fca4000 Uncommon trap: reason=unstable_if action=reinterpret pc=0x00000000037f2a68 method=java.util.HashMap.hash(Ljava/lang/Object;)I @ 1
Event: 13.561 Thread 0x000000001fca4000 Uncommon trap: reason=unstable_if action=reinterpret pc=0x000000000391e82c method=java.lang.ClassLoader.checkName(Ljava/lang/String;)Z @ 20
Event: 18.709 Thread 0x000000001fca4000 Uncommon trap: reason=predicate action=maybe_recompile pc=0x0000000003969338 method=sun.net.www.ParseUtil.encodePath(Ljava/lang/String;Z)Ljava/lang/String; @ 36
Event: 18.731 Thread 0x000000001fca4000 Uncommon trap: reason=class_check action=maybe_recompile pc=0x000000000382fef0 method=java.io.FilterInputStream.read()I @ 4
Event: 18.732 Thread 0x000000001fca4000 Uncommon trap: reason=class_check action=maybe_recompile pc=0x000000000382fef0 method=java.io.FilterInputStream.read()I @ 4
Event: 18.732 Thread 0x000000001fca4000 Uncommon trap: reason=class_check action=maybe_recompile pc=0x000000000382fef0 method=java.io.FilterInputStream.read()I @ 4
Event: 18.732 Thread 0x000000001fca4000 Uncommon trap: reason=class_check action=maybe_recompile pc=0x000000000382fef0 method=java.io.FilterInputStream.read()I @ 4

Classes redefined (0 events):
No events

Internal exceptions (10 events):
Event: 1.081 Thread 0x000000001fca4000 Exception <a 'java/lang/ArrayIndexOutOfBoundsException': 18> (0x000000076c6f34d0) thrown at [C:\re\workspace\8-2-build-windows-amd64-cygwin\jdk8u202\12323\hotspot\src\share\vm\interpreter\interpreterRuntime.cpp, line 368]
Event: 1.082 Thread 0x000000001fca4000 Exception <a 'java/lang/ArrayIndexOutOfBoundsException': 86> (0x000000076c6f4878) thrown at [C:\re\workspace\8-2-build-windows-amd64-cygwin\jdk8u202\12323\hotspot\src\share\vm\interpreter\interpreterRuntime.cpp, line 368]
Event: 1.230 Thread 0x000000001fca4000 Exception <a 'java/lang/ArrayIndexOutOfBoundsException'> (0x000000076cbdadd8) thrown at [C:\re\workspace\8-2-build-windows-amd64-cygwin\jdk8u202\12323\hotspot\src\share\vm\runtime\sharedRuntime.cpp, line 605]
Event: 13.553 Thread 0x000000001fca4000 Implicit null exception at 0x000000000374d375 to 0x000000000374d575
Event: 13.553 Thread 0x000000001fca4000 Implicit null exception at 0x0000000003804f58 to 0x0000000003804fe6
Event: 13.554 Thread 0x000000001fca4000 Implicit null exception at 0x00000000037f29ef to 0x00000000037f2a59
Event: 18.770 Thread 0x000000001fca4000 Implicit null exception at 0x0000000003a2a92b to 0x0000000003a2ad4b
Event: 18.770 Thread 0x000000001fca4000 Exception <a 'java/lang/NullPointerException'> (0x000000076c403e40) thrown at [C:\re\workspace\8-2-build-windows-amd64-cygwin\jdk8u202\12323\hotspot\src\share\vm\runtime\sharedRuntime.cpp, line 605]
Event: 18.800 Thread 0x000000001fca4000 Implicit null exception at 0x0000000003a2a92b to 0x0000000003a2ad4b
Event: 18.800 Thread 0x000000001fca4000 Exception <a 'java/lang/NullPointerException'> (0x000000076c409138) thrown at [C:\re\workspace\8-2-build-windows-amd64-cygwin\jdk8u202\12323\hotspot\src\share\vm\runtime\sharedRuntime.cpp, line 605]

Events (10 events):
Event: 18.755 loading class javafx/scene/layout/BorderStrokeStyle
Event: 18.755 loading class javafx/scene/layout/BorderStrokeStyle done
Event: 18.756 loading class javafx/scene/layout/BorderStroke
Event: 18.756 loading class javafx/scene/layout/BorderStroke done
Event: 18.771 loading class com/sun/prism/shader/DrawRoundRect_Color_Loader
Event: 18.771 loading class com/sun/prism/shader/DrawRoundRect_Color_Loader done
Event: 18.791 Executing VM operation: RevokeBias
Event: 18.791 Executing VM operation: RevokeBias done
Event: 18.797 Executing VM operation: RevokeBias
Event: 18.797 Executing VM operation: RevokeBias done


Dynamic libraries:
0x00007ff787040000 - 0x00007ff787077000 	C:\Program Files\Java\jdk1.8.0_202\jre\bin\java.exe
0x00007ffe63150000 - 0x00007ffe63348000 	C:\Windows\SYSTEM32\ntdll.dll
0x00007ffe61d60000 - 0x00007ffe61e22000 	C:\Windows\System32\KERNEL32.DLL
0x00007ffe609d0000 - 0x00007ffe60ccf000 	C:\Windows\System32\KERNELBASE.dll
0x00007ffe62c90000 - 0x00007ffe62d41000 	C:\Windows\System32\ADVAPI32.dll
0x00007ffe61960000 - 0x00007ffe619fe000 	C:\Windows\System32\msvcrt.dll
0x00007ffe62bf0000 - 0x00007ffe62c8f000 	C:\Windows\System32\sechost.dll
0x00007ffe62d50000 - 0x00007ffe62e73000 	C:\Windows\System32\RPCRT4.dll
0x00007ffe60f50000 - 0x00007ffe60f77000 	C:\Windows\System32\bcrypt.dll
0x00007ffe62ec0000 - 0x00007ffe6305d000 	C:\Windows\System32\USER32.dll
0x00007ffe608a0000 - 0x00007ffe608c2000 	C:\Windows\System32\win32u.dll
0x00007ffe62ae0000 - 0x00007ffe62b0b000 	C:\Windows\System32\GDI32.dll
0x00007ffe60cd0000 - 0x00007ffe60de7000 	C:\Windows\System32\gdi32full.dll
0x00007ffe61010000 - 0x00007ffe610ad000 	C:\Windows\System32\msvcp_win.dll
0x00007ffe608d0000 - 0x00007ffe609d0000 	C:\Windows\System32\ucrtbase.dll
0x00007ffe43ed0000 - 0x00007ffe4416a000 	C:\Windows\WinSxS\amd64_microsoft.windows.common-controls_6595b64144ccf1df_6.0.19041.4355_none_60b8b9eb71f62e16\COMCTL32.dll
0x00007ffe62e80000 - 0x00007ffe62eaf000 	C:\Windows\System32\IMM32.DLL
0x00000000514a0000 - 0x0000000051572000 	C:\Program Files\Java\jdk1.8.0_202\jre\bin\msvcr100.dll
0x0000000051580000 - 0x0000000051e25000 	C:\Program Files\Java\jdk1.8.0_202\jre\bin\server\jvm.dll
0x00007ffe62b10000 - 0x00007ffe62b18000 	C:\Windows\System32\PSAPI.DLL
0x00007ffe4ac80000 - 0x00007ffe4aca7000 	C:\Windows\SYSTEM32\WINMM.dll
0x00007ffe59430000 - 0x00007ffe5943a000 	C:\Windows\SYSTEM32\VERSION.dll
0x00007ffe598e0000 - 0x00007ffe598e9000 	C:\Windows\SYSTEM32\WSOCK32.dll
0x00007ffe62160000 - 0x00007ffe621cb000 	C:\Windows\System32\WS2_32.dll
0x00007ffe596c0000 - 0x00007ffe596cf000 	C:\Program Files\Java\jdk1.8.0_202\jre\bin\verify.dll
0x00007ffe58df0000 - 0x00007ffe58e19000 	C:\Program Files\Java\jdk1.8.0_202\jre\bin\java.dll
0x00007ffe58c90000 - 0x00007ffe58ca6000 	C:\Program Files\Java\jdk1.8.0_202\jre\bin\zip.dll
0x00007ffe62290000 - 0x00007ffe629fe000 	C:\Windows\System32\SHELL32.dll
0x00007ffe5e840000 - 0x00007ffe5efe4000 	C:\Windows\SYSTEM32\windows.storage.dll
0x00007ffe61160000 - 0x00007ffe614b5000 	C:\Windows\System32\combase.dll
0x00007ffe60210000 - 0x00007ffe6023f000 	C:\Windows\SYSTEM32\Wldp.dll
0x00007ffe62b20000 - 0x00007ffe62bed000 	C:\Windows\System32\OLEAUT32.dll
0x00007ffe621d0000 - 0x00007ffe6227d000 	C:\Windows\System32\SHCORE.dll
0x00007ffe61c10000 - 0x00007ffe61c65000 	C:\Windows\System32\shlwapi.dll
0x00007ffe60710000 - 0x00007ffe60734000 	C:\Windows\SYSTEM32\profapi.dll
0x00000000018e0000 - 0x00000000018e3000 	C:\Program Files\Java\jdk1.8.0_202\jre\bin\api-ms-win-core-console-l1-1-0.dll
0x00000000203f0000 - 0x00000000203f3000 	C:\Program Files\Java\jdk1.8.0_202\jre\bin\api-ms-win-core-datetime-l1-1-0.dll
0x0000000020400000 - 0x0000000020403000 	C:\Program Files\Java\jdk1.8.0_202\jre\bin\api-ms-win-core-debug-l1-1-0.dll
0x0000000020410000 - 0x0000000020413000 	C:\Program Files\Java\jdk1.8.0_202\jre\bin\api-ms-win-core-errorhandling-l1-1-0.dll
0x0000000020420000 - 0x0000000020424000 	C:\Program Files\Java\jdk1.8.0_202\jre\bin\api-ms-win-core-file-l1-1-0.dll
0x0000000020430000 - 0x0000000020433000 	C:\Program Files\Java\jdk1.8.0_202\jre\bin\api-ms-win-core-file-l1-2-0.dll
0x0000000020440000 - 0x0000000020443000 	C:\Program Files\Java\jdk1.8.0_202\jre\bin\api-ms-win-core-file-l2-1-0.dll
0x0000000020450000 - 0x0000000020453000 	C:\Program Files\Java\jdk1.8.0_202\jre\bin\api-ms-win-core-handle-l1-1-0.dll
0x0000000020460000 - 0x0000000020463000 	C:\Program Files\Java\jdk1.8.0_202\jre\bin\api-ms-win-core-heap-l1-1-0.dll
0x0000000020470000 - 0x0000000020473000 	C:\Program Files\Java\jdk1.8.0_202\jre\bin\api-ms-win-core-interlocked-l1-1-0.dll
0x0000000020480000 - 0x0000000020483000 	C:\Program Files\Java\jdk1.8.0_202\jre\bin\api-ms-win-core-libraryloader-l1-1-0.dll
0x0000000020490000 - 0x0000000020493000 	C:\Program Files\Java\jdk1.8.0_202\jre\bin\api-ms-win-core-localization-l1-2-0.dll
0x00000000204a0000 - 0x00000000204a3000 	C:\Program Files\Java\jdk1.8.0_202\jre\bin\api-ms-win-core-memory-l1-1-0.dll
0x00000000204b0000 - 0x00000000204b3000 	C:\Program Files\Java\jdk1.8.0_202\jre\bin\api-ms-win-core-namedpipe-l1-1-0.dll
0x00000000204c0000 - 0x00000000204c3000 	C:\Program Files\Java\jdk1.8.0_202\jre\bin\api-ms-win-core-processenvironment-l1-1-0.dll
0x00000000204d0000 - 0x00000000204d3000 	C:\Program Files\Java\jdk1.8.0_202\jre\bin\api-ms-win-core-processthreads-l1-1-0.dll
0x00000000204e0000 - 0x00000000204e3000 	C:\Program Files\Java\jdk1.8.0_202\jre\bin\api-ms-win-core-processthreads-l1-1-1.dll
0x00000000204f0000 - 0x00000000204f3000 	C:\Program Files\Java\jdk1.8.0_202\jre\bin\api-ms-win-core-profile-l1-1-0.dll
0x0000000020500000 - 0x0000000020503000 	C:\Program Files\Java\jdk1.8.0_202\jre\bin\api-ms-win-core-rtlsupport-l1-1-0.dll
0x0000000020510000 - 0x0000000020513000 	C:\Program Files\Java\jdk1.8.0_202\jre\bin\api-ms-win-core-string-l1-1-0.dll
0x0000000020520000 - 0x0000000020523000 	C:\Program Files\Java\jdk1.8.0_202\jre\bin\api-ms-win-core-synch-l1-1-0.dll
0x0000000020530000 - 0x0000000020533000 	C:\Program Files\Java\jdk1.8.0_202\jre\bin\api-ms-win-core-synch-l1-2-0.dll
0x0000000020540000 - 0x0000000020543000 	C:\Program Files\Java\jdk1.8.0_202\jre\bin\api-ms-win-core-sysinfo-l1-1-0.dll
0x0000000020550000 - 0x0000000020553000 	C:\Program Files\Java\jdk1.8.0_202\jre\bin\api-ms-win-core-timezone-l1-1-0.dll
0x0000000020560000 - 0x0000000020563000 	C:\Program Files\Java\jdk1.8.0_202\jre\bin\api-ms-win-core-util-l1-1-0.dll
0x0000000020570000 - 0x0000000020573000 	C:\Program Files\Java\jdk1.8.0_202\jre\bin\api-ms-win-crt-conio-l1-1-0.dll
0x0000000020580000 - 0x0000000020584000 	C:\Program Files\Java\jdk1.8.0_202\jre\bin\api-ms-win-crt-convert-l1-1-0.dll
0x0000000020590000 - 0x0000000020593000 	C:\Program Files\Java\jdk1.8.0_202\jre\bin\api-ms-win-crt-environment-l1-1-0.dll
0x00000000205a0000 - 0x00000000205a3000 	C:\Program Files\Java\jdk1.8.0_202\jre\bin\api-ms-win-crt-filesystem-l1-1-0.dll
0x00000000205b0000 - 0x00000000205b3000 	C:\Program Files\Java\jdk1.8.0_202\jre\bin\api-ms-win-crt-heap-l1-1-0.dll
0x00000000205c0000 - 0x00000000205c3000 	C:\Program Files\Java\jdk1.8.0_202\jre\bin\api-ms-win-crt-locale-l1-1-0.dll
0x00000000205d0000 - 0x00000000205d5000 	C:\Program Files\Java\jdk1.8.0_202\jre\bin\api-ms-win-crt-math-l1-1-0.dll
0x00000000205e0000 - 0x00000000205e5000 	C:\Program Files\Java\jdk1.8.0_202\jre\bin\api-ms-win-crt-multibyte-l1-1-0.dll
0x00000000205f0000 - 0x0000000020600000 	C:\Program Files\Java\jdk1.8.0_202\jre\bin\api-ms-win-crt-private-l1-1-0.dll
0x0000000020600000 - 0x0000000020603000 	C:\Program Files\Java\jdk1.8.0_202\jre\bin\api-ms-win-crt-process-l1-1-0.dll
0x0000000020610000 - 0x0000000020614000 	C:\Program Files\Java\jdk1.8.0_202\jre\bin\api-ms-win-crt-runtime-l1-1-0.dll
0x0000000020620000 - 0x0000000020624000 	C:\Program Files\Java\jdk1.8.0_202\jre\bin\api-ms-win-crt-stdio-l1-1-0.dll
0x0000000020630000 - 0x0000000020634000 	C:\Program Files\Java\jdk1.8.0_202\jre\bin\api-ms-win-crt-string-l1-1-0.dll
0x0000000020640000 - 0x0000000020643000 	C:\Program Files\Java\jdk1.8.0_202\jre\bin\api-ms-win-crt-time-l1-1-0.dll
0x0000000020650000 - 0x0000000020653000 	C:\Program Files\Java\jdk1.8.0_202\jre\bin\api-ms-win-crt-utility-l1-1-0.dll
0x00007ffe2c7f0000 - 0x00007ffe2c8e6000 	C:\Program Files\Java\jdk1.8.0_202\jre\bin\ucrtbase.dll
0x00007ffe59870000 - 0x00007ffe59886000 	C:\Program Files\Java\jdk1.8.0_202\jre\bin\vcruntime140.dll
0x00007ffe55b00000 - 0x00007ffe55b9c000 	C:\Program Files\Java\jdk1.8.0_202\jre\bin\msvcp140.dll
0x00007ffe55a30000 - 0x00007ffe55a81000 	C:\Program Files\Java\jdk1.8.0_202\jre\bin\concrt140.dll
0x00007ffe55be0000 - 0x00007ffe55c03000 	C:\Program Files\Java\jdk1.8.0_202\jre\bin\prism_d3d.dll
0x00007ffe15bd0000 - 0x00007ffe15da1000 	C:\Windows\system32\d3d9.dll
0x00007ffe5f000000 - 0x00007ffe5f012000 	C:\Windows\SYSTEM32\kernel.appcore.dll
0x00007ffe5e360000 - 0x00007ffe5e38f000 	C:\Windows\SYSTEM32\dwmapi.dll
0x00007ffe5adb0000 - 0x00007ffe5ae4e000 	C:\Windows\system32\uxtheme.dll
0x00007ffe603a0000 - 0x00007ffe603b2000 	C:\Windows\SYSTEM32\msasn1.dll
0x00007ffe518d0000 - 0x00007ffe51901000 	C:\Windows\SYSTEM32\cryptnet.dll
0x00007ffe60df0000 - 0x00007ffe60f4c000 	C:\Windows\System32\CRYPT32.dll
0x00007ffe60180000 - 0x00007ffe6018c000 	C:\Windows\SYSTEM32\cryptbase.dll
0x00007ffe607e0000 - 0x00007ffe60849000 	C:\Windows\System32\wintrust.dll
0x00007ffe61940000 - 0x00007ffe6195d000 	C:\Windows\System32\imagehlp.dll
0x00007ffe60160000 - 0x00007ffe60178000 	C:\Windows\SYSTEM32\CRYPTSP.dll
0x00007ffe5f820000 - 0x00007ffe5f854000 	C:\Windows\system32\rsaenh.dll
0x00007ffe60f80000 - 0x00007ffe61002000 	C:\Windows\System32\bcryptPrimitives.dll
0x00007ffe55990000 - 0x00007ffe559d9000 	C:\Program Files\Java\jdk1.8.0_202\jre\bin\glass.dll
0x00007ffe62a00000 - 0x00007ffe62ada000 	C:\Windows\System32\COMDLG32.dll
0x00007ffe61ae0000 - 0x00007ffe61c0b000 	C:\Windows\System32\ole32.dll
0x00007ffe62040000 - 0x00007ffe62155000 	C:\Windows\System32\MSCTF.dll
0x00007ffe2b620000 - 0x00007ffe2b6e1000 	C:\Windows\System32\DriverStore\FileRepository\nvbl.inf_amd64_40a1fdce5d23d247\nvldumdx.dll
0x00007ffe52580000 - 0x00007ffe526c7000 	C:\Windows\SYSTEM32\drvstore.dll
0x00007ffe605a0000 - 0x00007ffe605d3000 	C:\Windows\SYSTEM32\devobj.dll
0x00007ffe60850000 - 0x00007ffe6089e000 	C:\Windows\System32\cfgmgr32.dll
0x00007ffdcb2c0000 - 0x00007ffdcd0ef000 	C:\Windows\System32\DriverStore\FileRepository\nvbl.inf_amd64_40a1fdce5d23d247\nvgpucomp64.dll
0x00007ffddca10000 - 0x00007ffddea53000 	C:\Windows\System32\DriverStore\FileRepository\nvbl.inf_amd64_40a1fdce5d23d247\nvd3dumx.dll
0x00007ffe590c0000 - 0x00007ffe590fb000 	C:\Windows\SYSTEM32\dxcore.dll
0x00007ffe135e0000 - 0x00007ffe1378f000 	C:\Windows\System32\DriverStore\FileRepository\iigd_dch.inf_amd64_51f685305808e3a5\igdumdim64.dll
0x00007ffe08b30000 - 0x00007ffe0bbd3000 	C:\Windows\System32\DriverStore\FileRepository\iigd_dch.inf_amd64_51f685305808e3a5\igd9dxva64.dll
0x00007ffe614c0000 - 0x00007ffe61931000 	C:\Windows\System32\SETUPAPI.dll
0x00007ffe519f0000 - 0x00007ffe51df9000 	C:\Windows\System32\DriverStore\FileRepository\iigd_dch.inf_amd64_51f685305808e3a5\igdgmm64.dll
0x00007ffe34ed0000 - 0x00007ffe34ef7000 	C:\Windows\System32\DriverStore\FileRepository\iigd_dch.inf_amd64_51f685305808e3a5\igdinfo64.dll
0x00007ffe4e130000 - 0x00007ffe518c4000 	C:\Windows\System32\DriverStore\FileRepository\iigd_dch.inf_amd64_51f685305808e3a5\igc64.dll
0x00007ffe59720000 - 0x00007ffe59734000 	C:\Program Files\Java\jdk1.8.0_202\jre\bin\javafx_font.dll
0x00007ffe55710000 - 0x00007ffe5598f000 	C:\Windows\SYSTEM32\dwrite.dll
0x00007ffe1fc80000 - 0x00007ffe1fd23000 	C:\Program Files\Java\jdk1.8.0_202\jre\bin\glib-lite.dll
0x00007ffe1fba0000 - 0x00007ffe1fc80000 	C:\Program Files\Java\jdk1.8.0_202\jre\bin\gstreamer-lite.dll
0x00007ffe2aa80000 - 0x00007ffe2ab1c000 	C:\Windows\SYSTEM32\DSOUND.dll
0x00007ffe33bc0000 - 0x00007ffe33be6000 	C:\Windows\SYSTEM32\winmmbase.dll
0x00007ffe5fd70000 - 0x00007ffe5fdbb000 	C:\Windows\SYSTEM32\powrprof.dll
0x00007ffe5fbe0000 - 0x00007ffe5fbf2000 	C:\Windows\SYSTEM32\UMPDC.dll
0x00007ffe4cb30000 - 0x00007ffe4cb57000 	C:\Program Files\Java\jdk1.8.0_202\jre\bin\jfxmedia.dll
0x00007ffe63060000 - 0x00007ffe63109000 	C:\Windows\System32\clbcatq.dll
0x00007ffe5a550000 - 0x00007ffe5a646000 	C:\Windows\system32\propsys.dll
0x00007ffe4caf0000 - 0x00007ffe4cb21000 	C:\Program Files\Java\jdk1.8.0_202\jre\bin\fxplugins.dll
0x00007ffe58a10000 - 0x00007ffe58a95000 	C:\Windows\System32\MMDevApi.dll
0x00007ffe58aa0000 - 0x00007ffe58c21000 	C:\Windows\SYSTEM32\AUDIOSES.DLL
0x00007ffe5b1f0000 - 0x00007ffe5b204000 	C:\Windows\SYSTEM32\resourcepolicyclient.dll
0x00007ffe4ca50000 - 0x00007ffe4ca7b000 	C:\Windows\System32\qasf.dll
0x00007ffe1c7c0000 - 0x00007ffe1ca19000 	C:\Windows\System32\WMVCore.DLL
0x00007ffe46ec0000 - 0x00007ffe46ecb000 	C:\Windows\System32\msdmo.dll

VM Arguments:
jvm_args: -Dfile.encoding=UTF-8 
java_command: D:\ITI\Java\project\tic_tac_toe\dist\run1556926831\tic_tac_toe.jar
java_class_path (initial): D:\ITI\Java\project\tic_tac_toe\dist\run1556926831\tic_tac_toe.jar
Launcher Type: SUN_STANDARD

Environment Variables:
JAVA_HOME=C:\Program Files\Java\jdk-21\
PATH=C:\Program Files\Java\jdk1.8.0_202\bin;C:\Program Files\Java\jdk-21\bin;C:\Program Files (x86)\VMware\VMware Workstation\bin\;C:\Program Files\Common Files\Oracle\Java\javapath;C:\Program Files (x86)\Common Files\Oracle\Java\java8path;C:\Program Files (x86)\Common Files\Oracle\Java\javapath;C:\Windows\system32;C:\Windows;C:\Windows\System32\Wbem;C:\Windows\System32\WindowsPowerShell\v1.0\;C:\Windows\System32\OpenSSH\;C:\Program Files\Git\cmd;C:\Program Files\MySQL\MySQL Shell 8.0\bin\;C:\Users\3wiida\AppData\Local\Programs\Python\Python312\Scripts\;C:\Users\3wiida\AppData\Local\Programs\Python\Python312\;C:\Users\3wiida\AppData\Local\Microsoft\WindowsApps;C:\Users\3wiida\AppData\Local\Programs\Microsoft VS Code\bin;C:\Users\3wiida\AppData\Local\JetBrains\Toolbox\scripts;C:\msys64\ucrt64\bin;C:\adb;C:\Program Files (x86)\ZeroTier\One\;C:\Program Files\MySQL\MySQL Shell 8.0\bin\;C:\Users\3wiida\AppData\Local\Programs\Python\Python312\Scripts\;C:\Users\3wiida\AppData\Local\Programs\Python\Python312\;C:\Users\3wiida\AppData\Local\Microsoft\WindowsApps;C:\Users\3wiida\AppData\Local\Programs\Microsoft VS Code\bin;C:\Users\3wiida\AppData\Local\JetBrains\Toolbox\scripts;C:\msys64\ucrt64\bin;C:\Program Files\JetBrains\IntelliJ IDEA 2024.3\bin;;C:\Program Files\JetBrains\IntelliJ IDEA Community Edition 2024.3.1\bin;;C:\Program Files\JetBrains\CLion 2024.3.1\bin;;C:\Users\3wiida\AppData\Local\GitHubDesktop\bin
USERNAME=3wiida
OS=Windows_NT
PROCESSOR_IDENTIFIER=Intel64 Family 6 Model 94 Stepping 3, GenuineIntel



---------------  S Y S T E M  ---------------

OS: Windows 10.0 , 64 bit Build 19041 (10.0.19041.5198)

CPU:total 8 (initial active 8) (4 cores per cpu, 2 threads per core) family 6 model 94 stepping 3, cmov, cx8, fxsr, mmx, sse, sse2, sse3, ssse3, sse4.1, sse4.2, popcnt, avx, avx2, aes, clmul, erms, rtm, 3dnowpref, lzcnt, ht, tsc, tscinvbit, bmi1, bmi2, adx

Memory: 4k page, physical 16653940k(7181588k free), swap 22421108k(6021608k free)

vm_info: Java HotSpot(TM) 64-Bit Server VM (25.202-b08) for windows-amd64 JRE (1.8.0_202-b08), built on Dec 15 2018 19:54:30 by "java_re" with MS VC++ 10.0 (VS2010)

time: Sat Jan 25 01:15:47 2025
timezone: Egypt Standard Time
elapsed time: 20 seconds (0d 0h 0m 20s)

